2026-02-11 03:07:36 | INFO     | keepalive | Example config created: D:\keep online\config.example.yaml
2026-02-11 03:07:42 | INFO     | keepalive | Config file not found, using defaults: D:\keep online\config.yaml
2026-02-28 00:13:19 | INFO     | keepalive | Config loaded from D:\keep online\config.yaml
2026-02-28 00:13:19 | INFO     | keepalive | 配置已加载到界面
2026-02-28 01:06:45 | INFO     | keepalive | Config loaded from D:\keep online\config.yaml
2026-02-28 01:14:46 | INFO     | keepalive | Config loaded from D:\keep online\config.yaml
2026-02-28 01:14:46 | INFO     | keepalive | 配置已加载到界面
2026-02-28 01:21:40 | INFO     | keepalive | Config loaded from D:\keep online\config.yaml
2026-02-28 01:21:40 | INFO     | keepalive | 配置已加载到界面
2026-03-09 23:30:37 | INFO     | keepalive | Config loaded from D:\keep online\config.yaml
2026-03-09 23:30:37 | INFO     | keepalive | 配置已加载到界面
2026-03-09 23:30:46 | INFO     | keepalive | Config saved to D:\keep online\config.yaml
2026-03-09 23:30:46 | INFO     | keepalive | 配置已保存
2026-03-09 23:34:08 | INFO     | keepalive | Config loaded from D:\keep online\config.yaml
2026-03-09 23:34:08 | INFO     | keepalive | 配置已加载到界面
2026-03-09 23:34:40 | INFO     | keepalive | Config loaded from D:\keep online\config.yaml
2026-03-09 23:34:40 | INFO     | keepalive | 配置已加载到界面
2026-03-09 23:34:40 | INFO     | keepalive | Config loaded from D:\keep online\config.yaml
2026-03-09 23:34:40 | INFO     | keepalive | 配置已加载到界面
2026-03-09 23:35:31 | INFO     | keepalive | Config loaded from D:\keep online\config.yaml
2026-03-09 23:35:31 | INFO     | keepalive | 配置已加载到界面
2026-03-09 23:35:49 | INFO     | keepalive | Config loaded from D:\keep online\config.yaml
2026-03-09 23:35:49 | INFO     | keepalive | 配置已加载到界面
2026-03-09 23:36:10 | INFO     | keepalive | Config loaded from D:\keep online\config.yaml
2026-03-09 23:36:10 | INFO     | keepalive | 配置已加载到界面
2026-03-10 15:46:03 | INFO     | keepalive | Config loaded from D:\keep online\config.yaml
2026-03-10 15:46:03 | INFO     | keepalive | 配置已加载到界面
2026-03-10 15:46:53 | INFO     | keepalive | Config loaded from D:\keep online\config.yaml
2026-03-10 15:46:53 | INFO     | keepalive | 配置已加载到界面
2026-03-13 10:17:27 | INFO     | keepalive | Config loaded from D:\keep online\config.yaml
2026-03-13 10:17:27 | INFO     | keepalive | 配置已加载到界面
2026-03-13 10:17:37 | INFO     | keepalive | Config loaded from D:\keep online\config.yaml
2026-03-13 10:17:37 | INFO     | keepalive | 配置已加载到界面
2026-03-13 10:18:11 | INFO     | keepalive | Config loaded from D:\keep online\config.yaml
2026-03-13 10:18:11 | INFO     | keepalive | 配置已加载到界面
2026-03-13 10:18:25 | INFO     | keepalive | Config saved to D:\keep online\config.yaml
2026-03-13 10:18:25 | INFO     | keepalive | 配置已保存
